<?xml version="1.0" encoding="UTF-8"?>
<!-- Generated by org.testng.reporters.JUnitReportReporter -->
<testsuite skipped="0" hostname="DESKTOP-S75SKH7" name="Verify.Element.com.TestDemo" tests="2" failures="0" timestamp="2022-08-23T10:50:43 PKT" time="0.030" errors="0">
  <testcase name="testCase2" time="0.006" classname="Verify.Element.com.TestDemo"/>
  <system-out/>
  <testcase name="testCase1" time="0.024" classname="Verify.Element.com.TestDemo"/>
  <system-out/>
</testsuite> <!-- Verify.Element.com.TestDemo -->
