<?xml version="1.0" encoding="UTF-8"?>
<!-- Generated by org.testng.reporters.JUnitReportReporter -->
<testsuite skipped="0" hostname="DESKTOP-S75SKH7" name="Verify.Element.com.OrangeHRM1" tests="1" failures="0" timestamp="2022-08-18T11:35:40 PKT" time="24.497" errors="0">
  <testcase name="titleTest" time="24.497" classname="Verify.Element.com.OrangeHRM1"/>
  <system-out/>
</testsuite> <!-- Verify.Element.com.OrangeHRM1 -->
